Build started 6/27/2011 3:41:30 PM.
     1>Project "C:\Users\akwok\Documents\My Dropbox\CMPT885\cmpt885-hw2\genetic\visual studio\genetic_tsp\genetic_tsp\genetic_tsp.vcxproj" on node 2 (build target(s)).
     1>InitializeBuildStatus:
         Creating "Release\genetic_tsp.unsuccessfulbuild" because "AlwaysCreate" was specified.
       ClCompile:
         C:\Program Files (x86)\Microsoft Visual Studio 10.0\VC\bin\CL.exe /c /Zi /nologo /W3 /WX- /O2 /Oi /Oy- /GL /D WIN32 /D NDEBUG /D _CONSOLE /D _UNICODE /D UNICODE /Gm- /EHsc /MD /GS /Gy /fp:precise /Zc:wchar_t /Zc:forScope /GR /openmp /Yc"StdAfx.h" /Fp"Release\genetic_tsp.pch" /Fo"Release\\" /Fd"Release\vc100.pdb" /Gd /TP /analyze- /errorReport:prompt stdafx.cpp
         stdafx.cpp
         C:\Program Files (x86)\Microsoft Visual Studio 10.0\VC\bin\CL.exe /c /Zi /nologo /W3 /WX- /Od /Oi /Oy- /GL /D WIN32 /D NDEBUG /D _CONSOLE /D _UNICODE /D UNICODE /Gm- /EHsc /MD /GS /Gy /fp:precise /Zc:wchar_t /Zc:forScope /GR /openmp /Fo"Release\\" /Fd"Release\vc100.pdb" /Gd /TP /analyze- /errorReport:prompt genetic_tsp.cpp
         genetic_tsp.cpp
     1>genetic_tsp.cpp(38): warning C4018: '<' : signed/unsigned mismatch
     1>genetic_tsp.cpp(86): warning C4996: 'strerror': This function or variable may be unsafe. Consider using strerror_s instead. To disable deprecation, use _CRT_SECURE_NO_WARNINGS. See online help for details.
                 C:\Program Files (x86)\Microsoft Visual Studio 10.0\VC\include\string.h(157) : see declaration of 'strerror'
     1>genetic_tsp.cpp(102): warning C4996: 'strerror': This function or variable may be unsafe. Consider using strerror_s instead. To disable deprecation, use _CRT_SECURE_NO_WARNINGS. See online help for details.
                 C:\Program Files (x86)\Microsoft Visual Studio 10.0\VC\include\string.h(157) : see declaration of 'strerror'
     1>genetic_tsp.cpp(110): warning C4244: 'argument' : conversion from 'time_t' to 'unsigned int', possible loss of data
     1>genetic_tsp.cpp(141): warning C4018: '<' : signed/unsigned mismatch
     1>genetic_tsp.cpp(158): warning C4018: '<' : signed/unsigned mismatch
     1>genetic_tsp.cpp(164): warning C4018: '<' : signed/unsigned mismatch
     1>genetic_tsp.cpp(173): warning C4018: '<' : signed/unsigned mismatch
     1>genetic_tsp.cpp(273): warning C4018: '<' : signed/unsigned mismatch
       Link:
         C:\Program Files (x86)\Microsoft Visual Studio 10.0\VC\bin\link.exe /ERRORREPORT:PROMPT /OUT:"C:\Users\akwok\Documents\My Dropbox\CMPT885\cmpt885-hw2\genetic\visual studio\genetic_tsp\Release\genetic_tsp.exe" /INCREMENTAL:NO /NOLOGO kernel32.lib user32.lib gdi32.lib winspool.lib comdlg32.lib advapi32.lib shell32.lib ole32.lib oleaut32.lib uuid.lib odbc32.lib odbccp32.lib /MANIFEST /ManifestFile:"Release\genetic_tsp.exe.intermediate.manifest" /MANIFESTUAC:"level='asInvoker' uiAccess='false'" /DEBUG /PDB:"C:\Users\akwok\Documents\My Dropbox\CMPT885\cmpt885-hw2\genetic\visual studio\genetic_tsp\Release\genetic_tsp.pdb" /SUBSYSTEM:CONSOLE /OPT:REF /OPT:ICF /LTCG /TLBID:1 /DYNAMICBASE /NXCOMPAT /IMPLIB:"C:\Users\akwok\Documents\My Dropbox\CMPT885\cmpt885-hw2\genetic\visual studio\genetic_tsp\Release\genetic_tsp.lib" /MACHINE:X86 Release\genetic_tsp.obj
         Release\stdafx.obj
         Generating code
         Finished generating code
         genetic_tsp.vcxproj -> C:\Users\akwok\Documents\My Dropbox\CMPT885\cmpt885-hw2\genetic\visual studio\genetic_tsp\Release\genetic_tsp.exe
       Manifest:
         C:\Program Files (x86)\Microsoft SDKs\Windows\v7.0A\bin\mt.exe /nologo /verbose /outputresource:"C:\Users\akwok\Documents\My Dropbox\CMPT885\cmpt885-hw2\genetic\visual studio\genetic_tsp\Release\genetic_tsp.exe;#1" /manifest Release\genetic_tsp.exe.intermediate.manifest
       FinalizeBuildStatus:
         Deleting file "Release\genetic_tsp.unsuccessfulbuild".
         Touching "Release\genetic_tsp.lastbuildstate".
     1>Done Building Project "C:\Users\akwok\Documents\My Dropbox\CMPT885\cmpt885-hw2\genetic\visual studio\genetic_tsp\genetic_tsp\genetic_tsp.vcxproj" (build target(s)).

Build succeeded.

Time Elapsed 00:00:00.92
